<?xml version="1.0" encoding="UTF-8"?>
<!-- Generated by org.testng.reporters.JUnitReportReporter -->
<testsuite skipped="0" hostname="SHAVETA-PC" name="GoogleAPIs.AddGooglePlaces" tests="1" failures="0" timestamp="21 Oct 2019 03:20:29 GMT" time="5.916" errors="0">
  <testcase name="postGooglePlace" time="5.916" classname="GoogleAPIs.AddGooglePlaces"/>
</testsuite> <!-- GoogleAPIs.AddGooglePlaces -->
